<?xml version="1.0" encoding="utf-8"?><testsuites name="pytest tests"><testsuite name="pytest" errors="0" failures="0" skipped="0" tests="12" time="1.592" timestamp="2026-02-11T19:48:02.842123+00:00" hostname="agent-env-8564257c-48bc-44a3-9248-633f2fd2ea98"><testcase classname="backend.tests.test_actor_details.TestFarmNetworkApi" name="test_farm_graph_returns_nodes_and_edges" time="0.103" /><testcase classname="backend.tests.test_actor_details.TestActorDetailsApi" name="test_actor_details_returns_correct_structure" time="0.063" /><testcase classname="backend.tests.test_actor_details.TestActorDetailsApi" name="test_actor_details_risk_level_values" time="0.060" /><testcase classname="backend.tests.test_actor_details.TestActorDetailsApi" name="test_actor_details_farm_connections_structure" time="0.064" /><testcase classname="backend.tests.test_actor_details.TestActorDetailsApi" name="test_actor_details_bot_farms_structure" time="0.061" /><testcase classname="backend.tests.test_actor_details.TestActorDetailsApi" name="test_multiple_actors" time="0.184" /><testcase classname="backend.tests.test_actor_details.TestActorDetailsApi" name="test_non_existent_actor" time="0.056" /><testcase classname="backend.tests.test_actor_details.TestAudienceQualityData" name="test_aqi_in_valid_range" time="0.177" /><testcase classname="backend.tests.test_actor_details.TestAudienceQualityData" name="test_percentages_sum_reasonable" time="0.179" /><testcase classname="backend.tests.test_actor_details.TestAuthenticityData" name="test_authenticity_score_in_range" time="0.181" /><testcase classname="backend.tests.test_actor_details.TestAuthenticityData" name="test_authenticity_label_valid" time="0.169" /><testcase classname="backend.tests.test_actor_details.TestAuthenticityData" name="test_authenticity_breakdown" time="0.175" /></testsuite></testsuites>